12:23:58.956 [main] INFO  testCases.TC001_AccRegTest - .....Test Started......
12:23:59.152 [main] INFO  testCases.TC001_AccRegTest - .....clickedMyAcc......
12:24:00.111 [main] INFO  testCases.TC001_AccRegTest - .....clickedRegister......
12:24:00.115 [main] INFO  testCases.TC001_AccRegTest - .....filling Form......
12:24:01.186 [main] INFO  testCases.TC001_AccRegTest - .....filling Filled......
12:24:02.194 [main] INFO  testCases.TC001_AccRegTest - .....ClickedButton......
12:24:02.265 [main] INFO  testCases.TC001_AccRegTest - .....Assert done......
12:24:34.836 [main] INFO  testCases.TC001_AccRegTest - .....Test Started......
12:24:35.029 [main] INFO  testCases.TC001_AccRegTest - .....clickedMyAcc......
12:24:35.734 [main] INFO  testCases.TC001_AccRegTest - .....clickedRegister......
12:24:35.740 [main] INFO  testCases.TC001_AccRegTest - .....filling Form......
12:24:36.832 [main] INFO  testCases.TC001_AccRegTest - .....filling Filled......
12:24:37.670 [main] INFO  testCases.TC001_AccRegTest - .....ClickedButton......
12:24:37.747 [main] INFO  testCases.TC001_AccRegTest - .....Assert done......
12:25:35.194 [main] INFO  testCases.TC001_AccRegTest - .....Test Started......
12:25:35.387 [main] INFO  testCases.TC001_AccRegTest - .....clickedMyAcc......
12:25:35.993 [main] INFO  testCases.TC001_AccRegTest - .....clickedRegister......
12:25:36.001 [main] INFO  testCases.TC001_AccRegTest - .....filling Form......
12:25:37.121 [main] INFO  testCases.TC001_AccRegTest - .....filling Filled......
12:25:37.995 [main] INFO  testCases.TC001_AccRegTest - .....ClickedButton......
12:25:38.059 [main] INFO  testCases.TC001_AccRegTest - .....Assert donee......
