13:11:59.244 [TestNG-tests-1] INFO  testCases.TC001_AccRegTest - .....clickedMyAcc......
13:12:00.251 [TestNG-tests-1] INFO  testCases.TC001_AccRegTest - .....clickedRegister......
13:12:00.256 [TestNG-tests-1] INFO  testCases.TC001_AccRegTest - .....filling Form......
13:12:00.400 [TestNG-tests-2] INFO  testCases.TC001_AccRegTest - .....Test Started......
13:12:00.701 [TestNG-tests-2] INFO  testCases.TC001_AccRegTest - .....clickedMyAcc......
13:12:01.646 [TestNG-tests-2] INFO  testCases.TC001_AccRegTest - .....clickedRegister......
13:12:01.654 [TestNG-tests-2] INFO  testCases.TC001_AccRegTest - .....filling Form......
13:12:02.312 [TestNG-tests-1] INFO  testCases.TC001_AccRegTest - .....filling Filled......
13:12:03.021 [TestNG-tests-2] INFO  testCases.TC001_AccRegTest - .....filling Filled......
13:12:03.492 [TestNG-tests-1] INFO  testCases.TC001_AccRegTest - .....ClickedButton......
13:12:03.571 [TestNG-tests-1] INFO  testCases.TC001_AccRegTest - .....Assert done......
13:12:03.944 [TestNG-tests-2] INFO  testCases.TC001_AccRegTest - .....ClickedButton......
13:12:04.017 [TestNG-tests-2] INFO  testCases.TC001_AccRegTest - .....Assert done......
20:07:19.379 [main] INFO  testCases.TC001_AccRegTest - .....Browser Invoked......
20:07:21.436 [main] INFO  testCases.TC001_AccRegTest - .....Test Started......
20:07:21.635 [main] INFO  testCases.TC001_AccRegTest - .....clickedMyAcc......
20:07:23.207 [main] INFO  testCases.TC001_AccRegTest - .....clickedRegister......
20:07:23.219 [main] INFO  testCases.TC001_AccRegTest - .....filling Form......
20:07:24.304 [main] INFO  testCases.TC001_AccRegTest - .....filling Filled......
20:07:25.200 [main] INFO  testCases.TC001_AccRegTest - .....ClickedButton......
20:07:25.282 [main] INFO  testCases.TC001_AccRegTest - .....Assert done......
20:08:06.454 [main] INFO  testCases.TC002_LoginPage - .....Browser Invoked......
20:08:08.426 [main] INFO  testCases.TC002_LoginPage - .....Login Test Started......
20:12:20.642 [main] INFO  testCases.TC002_LoginPage - .....Browser Invoked......
20:12:22.086 [main] INFO  testCases.TC002_LoginPage - .....Login Test Started......
20:16:04.694 [main] INFO  testCases.TC002_LoginPage - .....Browser Invoked......
20:16:06.335 [main] INFO  testCases.TC002_LoginPage - .....Login Test Started......
20:16:42.814 [main] INFO  testCases.TC002_LoginPage - .....Browser Invoked......
20:16:48.233 [main] INFO  testCases.TC002_LoginPage - .....Login Test Started......
20:16:48.955 [main] INFO  testCases.TC002_LoginPage - .....clickec login......
20:16:49.406 [main] INFO  testCases.TC002_LoginPage - .....Logged in......
20:26:55.858 [main] INFO  testCases.TC002_LoginPage - .....Browser Invoked......
20:27:00.436 [main] INFO  testCases.TC002_LoginPage - .....Login Test Started......
20:27:01.039 [main] INFO  testCases.TC002_LoginPage - .....clicked login......
20:27:01.497 [main] INFO  testCases.TC002_LoginPage - .....Logged in......
20:31:07.441 [main] INFO  testCases.TC002_LoginPage - .....Browser Invoked......
