14:28:36.057 [main] INFO  testCases.TC001_AccRegTest - .....Assert done......
15:25:47.173 [main] INFO  testCases.TC001_AccRegTest - .....Browser Invoked......
15:27:47.780 [main] INFO  testCases.TC001_AccRegTest - .....Browser Invoked......
15:34:53.913 [main] DEBUG org.testng.TestNG - suiteXmlPath: "C:\Users\Home\eclipse-workspace\openCartV1\Grouping.xml"
15:34:54.595 [main] INFO  org.testng.internal.Utils - [TestNG] Running:
  C:\Users\Home\eclipse-workspace\openCartV1\Grouping.xml

15:34:59.157 [main] INFO  testCases.TC001_AccRegTest - .....Browser Invoked......
15:37:06.103 [main] DEBUG org.testng.TestNG - suiteXmlPath: "C:\Users\Home\eclipse-workspace\openCartV1\Grouping.xml"
15:37:06.809 [main] INFO  org.testng.internal.Utils - [TestNG] Running:
  C:\Users\Home\eclipse-workspace\openCartV1\Grouping.xml

15:37:09.737 [main] INFO  testCases.TC001_AccRegTest - .....Browser Invoked......
15:38:13.855 [main] DEBUG org.testng.TestNG - suiteXmlPath: "C:\Users\Home\eclipse-workspace\openCartV1\Grouping.xml"
15:38:14.491 [main] INFO  org.testng.internal.Utils - [TestNG] Running:
  C:\Users\Home\eclipse-workspace\openCartV1\Grouping.xml

15:38:17.381 [main] INFO  testCases.TC001_AccRegTest - .....Browser Invoked......
15:50:33.802 [main] DEBUG org.testng.TestNG - suiteXmlPath: "C:\Users\Home\eclipse-workspace\openCartV1\Grouping.xml"
15:50:34.858 [main] INFO  org.testng.internal.Utils - [TestNG] Running:
  C:\Users\Home\eclipse-workspace\openCartV1\Grouping.xml

15:50:43.730 [main] INFO  testCases.TC001_AccRegTest - .....Browser Invoked......
15:50:46.298 [main] INFO  testCases.TC001_AccRegTest - .....Reg Test Started......
15:50:49.549 [main] INFO  testCases.TC001_AccRegTest - ..........Test Failed.......
15:50:49.549 [main] ERROR testCases.TC001_AccRegTest - .....Failed......
15:50:49.550 [main] DEBUG testCases.TC001_AccRegTest - .....Debug log.....
15:54:43.217 [main] DEBUG org.testng.TestNG - suiteXmlPath: "C:\Users\Home\eclipse-workspace\openCartV1\testng.xml"
15:54:44.953 [main] INFO  org.testng.internal.Utils - [TestNG] Running:
  C:\Users\Home\eclipse-workspace\openCartV1\testng.xml

15:54:58.819 [main] INFO  testCases.TC001_AccRegTest - .....Browser Invoked......
16:00:34.865 [main] DEBUG org.testng.TestNG - suiteXmlPath: "C:\Users\Home\eclipse-workspace\openCartV1\testng.xml"
16:00:36.302 [main] INFO  org.testng.internal.Utils - [TestNG] Running:
  C:\Users\Home\eclipse-workspace\openCartV1\testng.xml

16:00:46.085 [main] INFO  testCases.TC001_AccRegTest - .....Browser Invoked......
21:50:58.884 [main] DEBUG org.testng.TestNG - suiteXmlPath: "C:\Users\Home\eclipse-workspace\openCartV1\testng.xml"
21:50:59.537 [main] INFO  org.testng.internal.Utils - [TestNG] Running:
  C:\Users\Home\eclipse-workspace\openCartV1\testng.xml

21:51:06.159 [main] INFO  testCases.TC001_AccRegTest - .....Browser Invoked......
21:51:07.796 [main] INFO  testCases.TC001_AccRegTest - .....Reg Test Started......
21:51:08.010 [main] INFO  testCases.TC001_AccRegTest - .....clickedMyAcc......
