21:51:08.608 [main] INFO  testCases.TC001_AccRegTest - .....clickedRegister......
21:51:08.627 [main] INFO  testCases.TC001_AccRegTest - .....filling Form......
21:51:09.728 [main] INFO  testCases.TC001_AccRegTest - .....filling Filled......
21:51:10.691 [main] INFO  testCases.TC001_AccRegTest - .....ClickedButton......
21:51:10.761 [main] INFO  testCases.TC001_AccRegTest - .....Assert done......
21:52:57.957 [main] DEBUG org.testng.TestNG - suiteXmlPath: "C:\Users\Home\eclipse-workspace\openCartV1\Master.xml"
21:52:58.645 [main] INFO  org.testng.internal.Utils - [TestNG] Running:
  C:\Users\Home\eclipse-workspace\openCartV1\Master.xml

21:53:01.848 [main] INFO  testCases.TC001_AccRegTest - .....Browser Invoked......
21:53:03.265 [main] INFO  testCases.TC001_AccRegTest - .....Reg Test Started......
21:53:03.474 [main] INFO  testCases.TC001_AccRegTest - .....clickedMyAcc......
21:53:04.030 [main] INFO  testCases.TC001_AccRegTest - .....clickedRegister......
21:53:04.042 [main] INFO  testCases.TC001_AccRegTest - .....filling Form......
21:53:05.127 [main] INFO  testCases.TC001_AccRegTest - .....filling Filled......
21:53:06.004 [main] INFO  testCases.TC001_AccRegTest - .....ClickedButton......
21:53:06.073 [main] INFO  testCases.TC001_AccRegTest - .....Assert done......
21:53:08.013 [main] INFO  testCases.TC002_LoginPage - .....Browser Invoked......
21:53:09.257 [main] INFO  testCases.TC002_LoginPage - .....Login Test Started......
21:53:09.860 [main] INFO  testCases.TC002_LoginPage - .....clicked login......
21:53:10.320 [main] INFO  testCases.TC002_LoginPage - .....Logged in......
21:53:10.323 [main] INFO  testCases.TC002_LoginPage - .....Logout Clicked......
21:53:11.130 [main] INFO  testCases.TC002_LoginPage - .....Head Verified......
